Base path: /Applications/Unity/Unity.app/Contents
Pipe name: \\.\pipe\UnityShaderCompiler-64bit-2-778461184
Cmd: getPlatforms
Cmd: compileSnippet
  api=0 type=0 insize=3569 outsize=1855 kw=POINT_COOKIE ok=1
Cmd: compileSnippet
  api=0 type=1 insize=3569 outsize=6 kw=POINT_COOKIE ok=1
Cmd: compileSnippet
  api=0 type=0 insize=977 outsize=11401 kw=DIRECTIONAL SHADOWS_SCREEN LIGHTMAP_OFF DIRLIGHTMAP_OFF DYNAMICLIGHTMAP_OFF VERTEXLIGHT_ON ok=1
Cmd: compileSnippet
  api=0 type=0 insize=977 outsize=11515 kw=DIRECTIONAL SHADOWS_SCREEN LIGHTMAP_OFF DIRLIGHTMAP_OFF DYNAMICLIGHTMAP_OFF _EMISSION VERTEXLIGHT_ON ok=1
Cmd: compileSnippet
  api=0 type=0 insize=977 outsize=12042 kw=DIRECTIONAL SHADOWS_SCREEN LIGHTMAP_OFF DIRLIGHTMAP_OFF DYNAMICLIGHTMAP_OFF _EMISSION _NORMALMAP ok=1
Cmd: compileSnippet
  api=0 type=1 insize=977 outsize=6 kw=DIRECTIONAL SHADOWS_SCREEN LIGHTMAP_OFF DIRLIGHTMAP_OFF DYNAMICLIGHTMAP_OFF _NORMALMAP ok=1
Cmd: compileSnippet
  api=0 type=0 insize=934 outsize=5951 kw=POINT_COOKIE SHADOWS_OFF ok=1
Cmd: compileSnippet
  api=0 type=0 insize=934 outsize=6211 kw=DIRECTIONAL_COOKIE SHADOWS_SCREEN ok=1
Cmd: compileSnippet
  api=0 type=0 insize=934 outsize=7566 kw=POINT SHADOWS_CUBE SHADOWS_SOFT ok=1
Cmd: compileSnippet
  api=0 type=0 insize=934 outsize=7155 kw=SPOT SHADOWS_DEPTH SHADOWS_NATIVE _NORMALMAP ok=1
Cmd: compileSnippet
  api=0 type=0 insize=934 outsize=7638 kw=SPOT SHADOWS_DEPTH SHADOWS_SOFT SHADOWS_NATIVE _NORMALMAP ok=1
Cmd: compileSnippet
  api=0 type=1 insize=934 outsize=6 kw=SPOT SHADOWS_DEPTH SHADOWS_NATIVE ok=1
Cmd: compileSnippet
  api=0 type=1 insize=934 outsize=6 kw=POINT_COOKIE SHADOWS_CUBE ok=1
Cmd: compileSnippet
  api=0 type=1 insize=934 outsize=6 kw=DIRECTIONAL SHADOWS_SCREEN _NORMALMAP ok=1
Cmd: compileSnippet
  api=0 type=1 insize=934 outsize=6 kw=SPOT SHADOWS_DEPTH SHADOWS_SOFT SHADOWS_NATIVE _NORMALMAP ok=1
Cmd: compileSnippet
  api=0 type=0 insize=1148 outsize=10200 kw=LIGHTMAP_OFF DIRLIGHTMAP_OFF DYNAMICLIGHTMAP_OFF _EMISSION _NORMALMAP ok=1
Cmd: compileSnippet
  api=0 type=0 insize=1148 outsize=10130 kw=LIGHTMAP_OFF DIRLIGHTMAP_OFF DYNAMICLIGHTMAP_OFF _EMISSION UNITY_HDR_ON _NORMALMAP ok=1
Cmd: compileSnippet
  api=0 type=1 insize=1148 outsize=6 kw=LIGHTMAP_OFF DIRLIGHTMAP_OFF DYNAMICLIGHTMAP_OFF _EMISSION _NORMALMAP ok=1
Cmd: compileSnippet
  api=0 type=1 insize=1148 outsize=6 kw=LIGHTMAP_OFF DIRLIGHTMAP_OFF DYNAMICLIGHTMAP_OFF _EMISSION UNITY_HDR_ON _NORMALMAP ok=1
Cmd: compileSnippet
  api=0 type=0 insize=903 outsize=6181 kw=DIRECTIONAL SHADOWS_OFF LIGHTMAP_OFF DIRLIGHTMAP_OFF DYNAMICLIGHTMAP_OFF VERTEXLIGHT_ON ok=1
Cmd: compileSnippet
  api=0 type=0 insize=903 outsize=6295 kw=DIRECTIONAL SHADOWS_OFF LIGHTMAP_OFF DIRLIGHTMAP_OFF DYNAMICLIGHTMAP_OFF _EMISSION VERTEXLIGHT_ON ok=1
Cmd: compileSnippet
  api=0 type=0 insize=903 outsize=7818 kw=DIRECTIONAL SHADOWS_OFF LIGHTMAP_OFF DIRLIGHTMAP_OFF DYNAMICLIGHTMAP_OFF VERTEXLIGHT_ON _NORMALMAP ok=1
Cmd: compileSnippet
  api=0 type=0 insize=903 outsize=7932 kw=DIRECTIONAL SHADOWS_OFF LIGHTMAP_OFF DIRLIGHTMAP_OFF DYNAMICLIGHTMAP_OFF _EMISSION VERTEXLIGHT_ON _NORMALMAP ok=1
Cmd: compileSnippet
  api=0 type=1 insize=903 outsize=6 kw=DIRECTIONAL SHADOWS_OFF LIGHTMAP_OFF DIRLIGHTMAP_OFF DYNAMICLIGHTMAP_OFF _EMISSION ok=1
Cmd: compileSnippet
  api=0 type=1 insize=903 outsize=6 kw=DIRECTIONAL SHADOWS_OFF LIGHTMAP_OFF DIRLIGHTMAP_OFF DYNAMICLIGHTMAP_OFF _EMISSION _NORMALMAP ok=1
Cmd: compileSnippet
  api=0 type=0 insize=812 outsize=4750 kw=SPOT SHADOWS_OFF ok=1
Cmd: compileSnippet
  api=0 type=0 insize=812 outsize=4746 kw=DIRECTIONAL SHADOWS_SCREEN ok=1
Cmd: compileSnippet
  api=0 type=0 insize=812 outsize=5442 kw=POINT_COOKIE SHADOWS_CUBE ok=1
Cmd: compileSnippet
  api=0 type=0 insize=812 outsize=5167 kw=DIRECTIONAL_COOKIE SHADOWS_OFF _NORMALMAP ok=1
Cmd: compileSnippet
  api=0 type=0 insize=812 outsize=5606 kw=DIRECTIONAL_COOKIE SHADOWS_SCREEN _NORMALMAP ok=1
Cmd: compileSnippet
  api=0 type=1 insize=812 outsize=6 kw=POINT_COOKIE SHADOWS_OFF ok=1
Cmd: compileSnippet
  api=0 type=1 insize=812 outsize=6 kw=SPOT SHADOWS_DEPTH SHADOWS_NATIVE ok=1
Cmd: compileSnippet
  api=0 type=1 insize=812 outsize=6 kw=POINT_COOKIE SHADOWS_CUBE ok=1
Cmd: compileSnippet
  api=0 type=1 insize=812 outsize=6 kw=DIRECTIONAL_COOKIE SHADOWS_OFF _NORMALMAP ok=1
Cmd: compileSnippet
  api=0 type=1 insize=812 outsize=6 kw=POINT SHADOWS_CUBE _NORMALMAP ok=1
Cmd: compileSnippet
  api=0 type=0 insize=600 outsize=487 kw=SHADOWS_CUBE ok=1
Cmd: compileSnippet
  api=0 type=0 insize=982 outsize=10483 kw=DIRECTIONAL SHADOWS_SCREEN LIGHTMAP_OFF DIRLIGHTMAP_OFF DYNAMICLIGHTMAP_OFF _EMISSION ok=1
Cmd: compileSnippet
  api=0 type=0 insize=982 outsize=11710 kw=DIRECTIONAL SHADOWS_SCREEN LIGHTMAP_OFF DIRLIGHTMAP_OFF DYNAMICLIGHTMAP_OFF VERTEXLIGHT_ON _ALPHABLEND_ON ok=1
Cmd: compileSnippet
  api=0 type=0 insize=982 outsize=14763 kw=DIRECTIONAL SHADOWS_SCREEN LIGHTMAP_OFF DIRLIGHTMAP_OFF DYNAMICLIGHTMAP_OFF VERTEXLIGHT_ON _NORMALMAP _PARALLAXMAP ok=1
Cmd: compileSnippet
  api=0 type=0 insize=982 outsize=12395 kw=DIRECTIONAL SHADOWS_SCREEN LIGHTMAP_OFF DIRLIGHTMAP_OFF DYNAMICLIGHTMAP_OFF _ALPHAPREMULTIPLY_ON _NORMALMAP ok=1
Cmd: compileSnippet
  api=0 type=1 insize=982 outsize=6 kw=DIRECTIONAL SHADOWS_SCREEN LIGHTMAP_OFF DIRLIGHTMAP_OFF DYNAMICLIGHTMAP_OFF _EMISSION _ALPHAPREMULTIPLY_ON ok=1
Cmd: compileSnippet
  api=0 type=1 insize=982 outsize=6 kw=DIRECTIONAL SHADOWS_SCREEN LIGHTMAP_OFF DIRLIGHTMAP_OFF DYNAMICLIGHTMAP_OFF _ALPHAPREMULTIPLY_ON _NORMALMAP ok=1
Cmd: compileSnippet
  api=0 type=0 insize=938 outsize=6173 kw=DIRECTIONAL SHADOWS_SCREEN ok=1
Cmd: compileSnippet
  api=0 type=0 insize=938 outsize=7897 kw=POINT_COOKIE SHADOWS_CUBE SHADOWS_SOFT ok=1
Cmd: compileSnippet
  api=0 type=0 insize=938 outsize=6471 kw=DIRECTIONAL_COOKIE SHADOWS_SCREEN _ALPHABLEND_ON ok=1
Cmd: compileSnippet
  api=0 type=0 insize=938 outsize=7876 kw=POINT SHADOWS_CUBE SHADOWS_SOFT _ALPHABLEND_ON ok=1
Cmd: compileSnippet
  api=0 type=0 insize=938 outsize=6884 kw=SPOT SHADOWS_DEPTH SHADOWS_NATIVE _ALPHAPREMULTIPLY_ON ok=1
Cmd: compileSnippet
  api=0 type=0 insize=938 outsize=7311 kw=POINT_COOKIE SHADOWS_CUBE _ALPHAPREMULTIPLY_ON ok=1
Cmd: compileSnippet
  api=0 type=0 insize=938 outsize=6889 kw=POINT_COOKIE SHADOWS_OFF _NORMALMAP ok=1
Cmd: compileSnippet
  api=0 type=0 insize=938 outsize=7693 kw=POINT_COOKIE SHADOWS_CUBE _NORMALMAP ok=1
Cmd: compileSnippet
  api=0 type=0 insize=938 outsize=7961 kw=DIRECTIONAL_COOKIE SHADOWS_OFF _NORMALMAP _PARALLAXMAP ok=1
Cmd: compileSnippet
  api=0 type=0 insize=938 outsize=8932 kw=POINT_COOKIE SHADOWS_CUBE _NORMALMAP _PARALLAXMAP ok=1
Cmd: compileSnippet
  api=0 type=0 insize=938 outsize=6784 kw=DIRECTIONAL_COOKIE SHADOWS_OFF _NORMALMAP _ALPHABLEND_ON ok=1
Cmd: compileSnippet
  api=0 type=0 insize=938 outsize=7215 kw=DIRECTIONAL_COOKIE SHADOWS_SCREEN _NORMALMAP _ALPHABLEND_ON ok=1
Cmd: compileSnippet
  api=0 type=0 insize=938 outsize=8612 kw=POINT SHADOWS_CUBE SHADOWS_SOFT _NORMALMAP _ALPHABLEND_ON ok=1
Cmd: compileSnippet
  api=0 type=0 insize=938 outsize=7624 kw=SPOT SHADOWS_DEPTH SHADOWS_NATIVE _ALPHAPREMULTIPLY_ON _NORMALMAP ok=1
Cmd: compileSnippet
  api=0 type=0 insize=938 outsize=8112 kw=SPOT SHADOWS_DEPTH SHADOWS_SOFT SHADOWS_NATIVE _ALPHAPREMULTIPLY_ON _NORMALMAP ok=1
Cmd: compileSnippet
  api=0 type=1 insize=938 outsize=6 kw=DIRECTIONAL SHADOWS_SCREEN ok=1
Cmd: compileSnippet
  api=0 type=1 insize=938 outsize=6 kw=POINT_COOKIE SHADOWS_CUBE SHADOWS_SOFT ok=1
Cmd: compileSnippet
  api=0 type=1 insize=938 outsize=6 kw=SPOT SHADOWS_DEPTH SHADOWS_NATIVE _ALPHABLEND_ON ok=1
Cmd: compileSnippet
  api=0 type=1 insize=938 outsize=6 kw=POINT_COOKIE SHADOWS_CUBE _ALPHABLEND_ON ok=1
Cmd: compileSnippet
  api=0 type=1 insize=938 outsize=6 kw=DIRECTIONAL_COOKIE SHADOWS_OFF _ALPHAPREMULTIPLY_ON ok=1
Cmd: compileSnippet
  api=0 type=1 insize=938 outsize=6 kw=POINT_COOKIE SHADOWS_CUBE _ALPHAPREMULTIPLY_ON ok=1
Cmd: compileSnippet
  api=0 type=1 insize=938 outsize=6 kw=DIRECTIONAL_COOKIE SHADOWS_OFF _NORMALMAP ok=1
Cmd: compileSnippet
  api=0 type=1 insize=938 outsize=6 kw=POINT_COOKIE SHADOWS_CUBE _NORMALMAP ok=1
Cmd: compileSnippet
  api=0 type=1 insize=938 outsize=6 kw=SPOT SHADOWS_OFF _NORMALMAP _PARALLAXMAP ok=1
Cmd: compileSnippet
  api=0 type=1 insize=938 outsize=6 kw=DIRECTIONAL SHADOWS_SCREEN _NORMALMAP _PARALLAXMAP ok=1
Cmd: compileSnippet
  api=0 type=1 insize=938 outsize=6 kw=POINT_COOKIE SHADOWS_OFF _NORMALMAP _ALPHABLEND_ON ok=1
Cmd: compileSnippet
  api=0 type=1 insize=938 outsize=6 kw=DIRECTIONAL_COOKIE SHADOWS_SCREEN _NORMALMAP _ALPHABLEND_ON ok=1
Cmd: compileSnippet
  api=0 type=1 insize=938 outsize=6 kw=POINT SHADOWS_CUBE SHADOWS_SOFT _NORMALMAP _ALPHABLEND_ON ok=1
Cmd: compileSnippet
  api=0 type=1 insize=938 outsize=6 kw=SPOT SHADOWS_DEPTH SHADOWS_NATIVE _ALPHAPREMULTIPLY_ON _NORMALMAP ok=1
Cmd: compileSnippet
  api=0 type=1 insize=938 outsize=6 kw=POINT_COOKIE SHADOWS_CUBE _ALPHAPREMULTIPLY_ON _NORMALMAP ok=1
Cmd: compileSnippet
  api=0 type=0 insize=1152 outsize=8489 kw=LIGHTMAP_OFF DIRLIGHTMAP_OFF DYNAMICLIGHTMAP_OFF _ALPHAPREMULTIPLY_ON ok=1
Cmd: compileSnippet
  api=0 type=0 insize=1152 outsize=10159 kw=LIGHTMAP_OFF DIRLIGHTMAP_OFF DYNAMICLIGHTMAP_OFF _NORMALMAP ok=1
Cmd: compileSnippet
  api=0 type=0 insize=1152 outsize=10243 kw=LIGHTMAP_OFF DIRLIGHTMAP_OFF DYNAMICLIGHTMAP_OFF _ALPHAPREMULTIPLY_ON _NORMALMAP ok=1
Cmd: compileSnippet
  api=0 type=0 insize=1152 outsize=8480 kw=LIGHTMAP_OFF DIRLIGHTMAP_OFF DYNAMICLIGHTMAP_OFF UNITY_HDR_ON _ALPHAPREMULTIPLY_ON ok=1
Cmd: compileSnippet
  api=0 type=0 insize=1152 outsize=10285 kw=LIGHTMAP_OFF DIRLIGHTMAP_OFF DYNAMICLIGHTMAP_OFF _EMISSION UNITY_HDR_ON _NORMALMAP ok=1
Cmd: compileSnippet
  api=0 type=1 insize=1152 outsize=6 kw=LIGHTMAP_OFF DIRLIGHTMAP_OFF DYNAMICLIGHTMAP_OFF _EMISSION ok=1
Cmd: compileSnippet
  api=0 type=1 insize=1152 outsize=6 kw=LIGHTMAP_OFF DIRLIGHTMAP_OFF DYNAMICLIGHTMAP_OFF _NORMALMAP _PARALLAXMAP ok=1
Cmd: compileSnippet
  api=0 type=1 insize=1152 outsize=6 kw=LIGHTMAP_OFF DIRLIGHTMAP_OFF DYNAMICLIGHTMAP_OFF _EMISSION _ALPHAPREMULTIPLY_ON _NORMALMAP ok=1
Cmd: compileSnippet
  api=0 type=1 insize=1152 outsize=6 kw=LIGHTMAP_OFF DIRLIGHTMAP_OFF DYNAMICLIGHTMAP_OFF UNITY_HDR_ON _ALPHAPREMULTIPLY_ON ok=1
Cmd: compileSnippet
  api=0 type=1 insize=1152 outsize=6 kw=LIGHTMAP_OFF DIRLIGHTMAP_OFF DYNAMICLIGHTMAP_OFF UNITY_HDR_ON _NORMALMAP ok=1
Cmd: compileSnippet
  api=0 type=1 insize=1152 outsize=6 kw=LIGHTMAP_OFF DIRLIGHTMAP_OFF DYNAMICLIGHTMAP_OFF UNITY_HDR_ON _ALPHAPREMULTIPLY_ON _NORMALMAP ok=1
Cmd: compileSnippet
  api=0 type=0 insize=886 outsize=6427 kw=DIRECTIONAL SHADOWS_OFF LIGHTMAP_OFF DIRLIGHTMAP_OFF DYNAMICLIGHTMAP_OFF VERTEXLIGHT_ON ok=1
Cmd: compileSnippet
  api=0 type=0 insize=886 outsize=6541 kw=DIRECTIONAL SHADOWS_OFF LIGHTMAP_OFF DIRLIGHTMAP_OFF DYNAMICLIGHTMAP_OFF _EMISSION VERTEXLIGHT_ON ok=1
Cmd: compileSnippet
  api=0 type=0 insize=886 outsize=6491 kw=DIRECTIONAL SHADOWS_OFF LIGHTMAP_OFF DIRLIGHTMAP_OFF DYNAMICLIGHTMAP_OFF VERTEXLIGHT_ON _ALPHABLEND_ON ok=1
Cmd: compileSnippet
  api=0 type=0 insize=886 outsize=6562 kw=DIRECTIONAL SHADOWS_OFF LIGHTMAP_OFF DIRLIGHTMAP_OFF DYNAMICLIGHTMAP_OFF VERTEXLIGHT_ON _ALPHAPREMULTIPLY_ON ok=1
Cmd: compileSnippet
  api=0 type=0 insize=886 outsize=6676 kw=DIRECTIONAL SHADOWS_OFF LIGHTMAP_OFF DIRLIGHTMAP_OFF DYNAMICLIGHTMAP_OFF _EMISSION VERTEXLIGHT_ON _ALPHAPREMULTIPLY_ON ok=1
Cmd: compileSnippet
  api=0 type=0 insize=886 outsize=8061 kw=DIRECTIONAL SHADOWS_OFF LIGHTMAP_OFF DIRLIGHTMAP_OFF DYNAMICLIGHTMAP_OFF VERTEXLIGHT_ON _NORMALMAP ok=1
Cmd: compileSnippet
  api=0 type=0 insize=886 outsize=8175 kw=DIRECTIONAL SHADOWS_OFF LIGHTMAP_OFF DIRLIGHTMAP_OFF DYNAMICLIGHTMAP_OFF _EMISSION VERTEXLIGHT_ON _NORMALMAP ok=1
Cmd: compileSnippet
  api=0 type=0 insize=886 outsize=8125 kw=DIRECTIONAL SHADOWS_OFF LIGHTMAP_OFF DIRLIGHTMAP_OFF DYNAMICLIGHTMAP_OFF VERTEXLIGHT_ON _NORMALMAP _ALPHABLEND_ON ok=1
Cmd: compileSnippet
  api=0 type=0 insize=886 outsize=8195 kw=DIRECTIONAL SHADOWS_OFF LIGHTMAP_OFF DIRLIGHTMAP_OFF DYNAMICLIGHTMAP_OFF VERTEXLIGHT_ON _ALPHAPREMULTIPLY_ON _NORMALMAP ok=1
Cmd: compileSnippet
  api=0 type=0 insize=886 outsize=8309 kw=DIRECTIONAL SHADOWS_OFF LIGHTMAP_OFF DIRLIGHTMAP_OFF DYNAMICLIGHTMAP_OFF _EMISSION VERTEXLIGHT_ON _ALPHAPREMULTIPLY_ON _NORMALMAP ok=1
Cmd: compileSnippet
  api=0 type=1 insize=886 outsize=6 kw=DIRECTIONAL SHADOWS_OFF LIGHTMAP_OFF DIRLIGHTMAP_OFF DYNAMICLIGHTMAP_OFF _EMISSION ok=1
Cmd: compileSnippet
  api=0 type=1 insize=886 outsize=6 kw=DIRECTIONAL SHADOWS_OFF LIGHTMAP_OFF DIRLIGHTMAP_OFF DYNAMICLIGHTMAP_OFF _ALPHAPREMULTIPLY_ON ok=1
Cmd: compileSnippet
  api=0 type=1 insize=886 outsize=6 kw=DIRECTIONAL SHADOWS_SCREEN LIGHTMAP_OFF DIRLIGHTMAP_OFF DYNAMICLIGHTMAP_OFF _NORMALMAP ok=1
Cmd: compileSnippet
  api=0 type=1 insize=886 outsize=6 kw=DIRECTIONAL SHADOWS_SCREEN LIGHTMAP_OFF DIRLIGHTMAP_OFF DYNAMICLIGHTMAP_OFF _NORMALMAP _ALPHABLEND_ON ok=1
Cmd: compileSnippet
  api=0 type=1 insize=886 outsize=6 kw=DIRECTIONAL SHADOWS_SCREEN LIGHTMAP_OFF DIRLIGHTMAP_OFF DYNAMICLIGHTMAP_OFF _EMISSION _ALPHAPREMULTIPLY_ON _NORMALMAP ok=1
Cmd: compileSnippet
  api=0 type=0 insize=816 outsize=4885 kw=POINT_COOKIE SHADOWS_OFF ok=1
Cmd: compileSnippet
  api=0 type=0 insize=816 outsize=4750 kw=DIRECTIONAL_COOKIE SHADOWS_OFF ok=1
Cmd: compileSnippet
  api=0 type=0 insize=816 outsize=5560 kw=POINT SHADOWS_CUBE ok=1
Cmd: compileSnippet
  api=0 type=0 insize=816 outsize=5011 kw=SPOT SHADOWS_OFF _ALPHABLEND_ON ok=1
Cmd: compileSnippet
  api=0 type=0 insize=816 outsize=5007 kw=DIRECTIONAL SHADOWS_SCREEN _ALPHABLEND_ON ok=1
Cmd: compileSnippet
  api=0 type=0 insize=816 outsize=4915 kw=POINT SHADOWS_OFF _ALPHAPREMULTIPLY_ON ok=1
Cmd: compileSnippet
  api=0 type=0 insize=816 outsize=5465 kw=SPOT SHADOWS_DEPTH SHADOWS_NATIVE _ALPHAPREMULTIPLY_ON ok=1
Cmd: compileSnippet
  api=0 type=0 insize=816 outsize=5829 kw=POINT_COOKIE SHADOWS_CUBE _ALPHAPREMULTIPLY_ON ok=1
Cmd: compileSnippet
  api=0 type=0 insize=816 outsize=5576 kw=SPOT SHADOWS_OFF _NORMALMAP ok=1
Cmd: compileSnippet
  api=0 type=0 insize=816 outsize=5572 kw=DIRECTIONAL SHADOWS_SCREEN _NORMALMAP ok=1
Cmd: compileSnippet
  api=0 type=0 insize=816 outsize=5206 kw=DIRECTIONAL SHADOWS_OFF _NORMALMAP _ALPHABLEND_ON ok=1
Cmd: compileSnippet
  api=0 type=0 insize=816 outsize=6037 kw=SPOT SHADOWS_DEPTH SHADOWS_NATIVE _NORMALMAP _ALPHABLEND_ON ok=1
Cmd: compileSnippet
  api=0 type=0 insize=816 outsize=6423 kw=POINT_COOKIE SHADOWS_CUBE _NORMALMAP _ALPHABLEND_ON ok=1
Cmd: compileSnippet
  api=0 type=0 insize=816 outsize=5635 kw=POINT_COOKIE SHADOWS_OFF _ALPHAPREMULTIPLY_ON _NORMALMAP ok=1
Cmd: compileSnippet
  api=0 type=0 insize=816 outsize=5939 kw=DIRECTIONAL_COOKIE SHADOWS_SCREEN _ALPHAPREMULTIPLY_ON _NORMALMAP ok=1
Cmd: compileSnippet
  api=0 type=1 insize=816 outsize=6 kw=SPOT SHADOWS_OFF ok=1
Cmd: compileSnippet
  api=0 type=1 insize=816 outsize=6 kw=DIRECTIONAL_COOKIE SHADOWS_SCREEN ok=1
Cmd: compileSnippet
  api=0 type=1 insize=816 outsize=6 kw=POINT SHADOWS_OFF _ALPHABLEND_ON ok=1
Cmd: compileSnippet
  api=0 type=1 insize=816 outsize=6 kw=SPOT SHADOWS_DEPTH SHADOWS_NATIVE _ALPHABLEND_ON ok=1
Cmd: compileSnippet
  api=0 type=1 insize=816 outsize=6 kw=POINT SHADOWS_CUBE _ALPHABLEND_ON ok=1
Cmd: compileSnippet
  api=0 type=1 insize=816 outsize=6 kw=SPOT SHADOWS_OFF _ALPHAPREMULTIPLY_ON ok=1
Cmd: compileSnippet
  api=0 type=1 insize=816 outsize=6 kw=DIRECTIONAL SHADOWS_SCREEN _ALPHAPREMULTIPLY_ON ok=1
Cmd: compileSnippet
  api=0 type=1 insize=816 outsize=6 kw=DIRECTIONAL SHADOWS_OFF _NORMALMAP ok=1
Cmd: compileSnippet
  api=0 type=1 insize=816 outsize=6 kw=DIRECTIONAL_COOKIE SHADOWS_OFF _NORMALMAP ok=1
Cmd: compileSnippet
  api=0 type=1 insize=816 outsize=6 kw=POINT_COOKIE SHADOWS_CUBE _NORMALMAP ok=1
Cmd: compileSnippet
  api=0 type=1 insize=816 outsize=6 kw=SPOT SHADOWS_OFF _NORMALMAP _ALPHABLEND_ON ok=1
Cmd: compileSnippet
  api=0 type=1 insize=816 outsize=6 kw=SPOT SHADOWS_DEPTH SHADOWS_NATIVE _NORMALMAP _ALPHABLEND_ON ok=1
Cmd: compileSnippet
  api=0 type=1 insize=816 outsize=6 kw=POINT SHADOWS_CUBE _NORMALMAP _ALPHABLEND_ON ok=1
Cmd: compileSnippet
  api=0 type=1 insize=816 outsize=6 kw=SPOT SHADOWS_OFF _ALPHAPREMULTIPLY_ON _NORMALMAP ok=1
Cmd: compileSnippet
  api=0 type=1 insize=816 outsize=6 kw=DIRECTIONAL SHADOWS_SCREEN _ALPHAPREMULTIPLY_ON _NORMALMAP ok=1
Cmd: compileSnippet
  api=0 type=0 insize=600 outsize=487 kw=SHADOWS_CUBE ok=1
Cmd: compileSnippet
  api=0 type=0 insize=600 outsize=2249 kw=SHADOWS_DEPTH _ALPHAPREMULTIPLY_ON ok=1
Cmd: compileSnippet
  api=0 type=1 insize=600 outsize=6 kw=SHADOWS_CUBE _ALPHABLEND_ON ok=1
Cmd: compileSnippet
  api=0 type=0 insize=634781 outsize=10707 kw=DIRECTIONAL SHADOWS_OFF LIGHTMAP_OFF DIRLIGHTMAP_OFF DYNAMICLIGHTMAP_OFF VERTEXLIGHT_ON GEOM_TYPE_BRANCH ok=1
Cmd: compileSnippet
  api=0 type=0 insize=634781 outsize=11335 kw=DIRECTIONAL SHADOWS_OFF LIGHTMAP_OFF DIRLIGHTMAP_OFF DYNAMICLIGHTMAP_OFF VERTEXLIGHT_ON EFFECT_HUE_VARIATION GEOM_TYPE_BRANCH ok=1
Cmd: compileSnippet
  api=0 type=0 insize=634781 outsize=9841 kw=DIRECTIONAL SHADOWS_OFF LIGHTMAP_OFF DIRLIGHTMAP_OFF DYNAMICLIGHTMAP_OFF GEOM_TYPE_BRANCH_BLEND ok=1
Cmd: compileSnippet
  api=0 type=0 insize=634781 outsize=11078 kw=DIRECTIONAL SHADOWS_OFF LIGHTMAP_OFF DIRLIGHTMAP_OFF DYNAMICLIGHTMAP_OFF VERTEXLIGHT_ON GEOM_TYPE_BRANCH_BLEND ok=1
Cmd: compileSnippet
  api=0 type=0 insize=634781 outsize=11667 kw=DIRECTIONAL SHADOWS_OFF LIGHTMAP_OFF DIRLIGHTMAP_OFF DYNAMICLIGHTMAP_OFF VERTEXLIGHT_ON EFFECT_HUE_VARIATION GEOM_TYPE_BRANCH_BLEND ok=1
Cmd: compileSnippet
  api=0 type=0 insize=634781 outsize=17078 kw=DIRECTIONAL SHADOWS_OFF LIGHTMAP_OFF DIRLIGHTMAP_OFF DYNAMICLIGHTMAP_OFF GEOM_TYPE_LEAF ok=1
Cmd: compileSnippet
  api=0 type=0 insize=634781 outsize=17718 kw=DIRECTIONAL SHADOWS_OFF LIGHTMAP_OFF DIRLIGHTMAP_OFF DYNAMICLIGHTMAP_OFF EFFECT_HUE_VARIATION GEOM_TYPE_LEAF ok=1
Cmd: compileSnippet
  api=0 type=0 insize=634781 outsize=19523 kw=DIRECTIONAL SHADOWS_SCREEN LIGHTMAP_OFF DIRLIGHTMAP_OFF DYNAMICLIGHTMAP_OFF EFFECT_BUMP EFFECT_HUE_VARIATION GEOM_TYPE_LEAF ok=1
Cmd: compileSnippet
  api=0 type=0 insize=634781 outsize=10204 kw=DIRECTIONAL SHADOWS_OFF LIGHTMAP_OFF DIRLIGHTMAP_OFF DYNAMICLIGHTMAP_OFF LOD_FADE_PERCENTAGE EFFECT_HUE_VARIATION GEOM_TYPE_BRANCH ok=1
Cmd: compileSnippet
  api=0 type=0 insize=634781 outsize=13150 kw=DIRECTIONAL SHADOWS_SCREEN LIGHTMAP_OFF DIRLIGHTMAP_OFF DYNAMICLIGHTMAP_OFF VERTEXLIGHT_ON LOD_FADE_PERCENTAGE EFFECT_BUMP EFFECT_HUE_VARIATION GEOM_TYPE_BRANCH ok=1
Cmd: compileSnippet
  api=0 type=0 insize=634781 outsize=11184 kw=DIRECTIONAL SHADOWS_OFF LIGHTMAP_OFF DIRLIGHTMAP_OFF DYNAMICLIGHTMAP_OFF VERTEXLIGHT_ON LOD_FADE_PERCENTAGE GEOM_TYPE_BRANCH_BLEND ok=1
Cmd: compileSnippet
  api=0 type=0 insize=634781 outsize=11774 kw=DIRECTIONAL SHADOWS_OFF LIGHTMAP_OFF DIRLIGHTMAP_OFF DYNAMICLIGHTMAP_OFF VERTEXLIGHT_ON LOD_FADE_PERCENTAGE EFFECT_HUE_VARIATION GEOM_TYPE_BRANCH_BLEND ok=1
Cmd: compileSnippet
  api=0 type=0 insize=634781 outsize=17382 kw=DIRECTIONAL SHADOWS_OFF LIGHTMAP_OFF DIRLIGHTMAP_OFF DYNAMICLIGHTMAP_OFF LOD_FADE_PERCENTAGE GEOM_TYPE_LEAF ok=1
Cmd: compileSnippet
  api=0 type=0 insize=634781 outsize=18032 kw=DIRECTIONAL SHADOWS_OFF LIGHTMAP_OFF DIRLIGHTMAP_OFF DYNAMICLIGHTMAP_OFF LOD_FADE_PERCENTAGE EFFECT_HUE_VARIATION GEOM_TYPE_LEAF ok=1
Cmd: compileSnippet
  api=0 type=0 insize=634781 outsize=19843 kw=DIRECTIONAL SHADOWS_SCREEN LIGHTMAP_OFF DIRLIGHTMAP_OFF DYNAMICLIGHTMAP_OFF LOD_FADE_PERCENTAGE EFFECT_BUMP EFFECT_HUE_VARIATION GEOM_TYPE_LEAF ok=1
Cmd: compileSnippet
  api=0 type=0 insize=634781 outsize=11614 kw=DIRECTIONAL SHADOWS_OFF LIGHTMAP_OFF DIRLIGHTMAP_OFF DYNAMICLIGHTMAP_OFF VERTEXLIGHT_ON LOD_FADE_CROSSFADE GEOM_TYPE_BRANCH ok=1
Cmd: compileSnippet
  api=0 type=0 insize=634781 outsize=12252 kw=DIRECTIONAL SHADOWS_OFF LIGHTMAP_OFF DIRLIGHTMAP_OFF DYNAMICLIGHTMAP_OFF VERTEXLIGHT_ON LOD_FADE_CROSSFADE EFFECT_HUE_VARIATION GEOM_TYPE_BRANCH ok=1
Cmd: compileSnippet
  api=0 type=0 insize=634781 outsize=10752 kw=DIRECTIONAL SHADOWS_OFF LIGHTMAP_OFF DIRLIGHTMAP_OFF DYNAMICLIGHTMAP_OFF LOD_FADE_CROSSFADE GEOM_TYPE_BRANCH_BLEND ok=1
Cmd: compileSnippet
  api=0 type=0 insize=634781 outsize=11347 kw=DIRECTIONAL SHADOWS_OFF LIGHTMAP_OFF DIRLIGHTMAP_OFF DYNAMICLIGHTMAP_OFF LOD_FADE_CROSSFADE EFFECT_HUE_VARIATION GEOM_TYPE_BRANCH_BLEND ok=1
Cmd: compileSnippet
  api=0 type=0 insize=634781 outsize=13076 kw=DIRECTIONAL SHADOWS_SCREEN LIGHTMAP_OFF DIRLIGHTMAP_OFF DYNAMICLIGHTMAP_OFF LOD_FADE_CROSSFADE EFFECT_BUMP EFFECT_HUE_VARIATION GEOM_TYPE_BRANCH_BLEND ok=1
Cmd: compileSnippet
  api=0 type=0 insize=634781 outsize=19286 kw=DIRECTIONAL SHADOWS_OFF LIGHTMAP_OFF DIRLIGHTMAP_OFF DYNAMICLIGHTMAP_OFF VERTEXLIGHT_ON LOD_FADE_CROSSFADE GEOM_TYPE_LEAF ok=1
Cmd: compileSnippet
  api=0 type=0 insize=634781 outsize=19932 kw=DIRECTIONAL SHADOWS_OFF LIGHTMAP_OFF DIRLIGHTMAP_OFF DYNAMICLIGHTMAP_OFF VERTEXLIGHT_ON LOD_FADE_CROSSFADE EFFECT_HUE_VARIATION GEOM_TYPE_LEAF ok=1
Cmd: compileSnippet
  api=0 type=1 insize=634781 outsize=6 kw=DIRECTIONAL SHADOWS_SCREEN LIGHTMAP_OFF DIRLIGHTMAP_OFF DYNAMICLIGHTMAP_OFF GEOM_TYPE_BRANCH ok=1
Cmd: compileSnippet
  api=0 type=1 insize=634781 outsize=6 kw=DIRECTIONAL SHADOWS_SCREEN LIGHTMAP_OFF DIRLIGHTMAP_OFF DYNAMICLIGHTMAP_OFF EFFECT_BUMP EFFECT_HUE_VARIATION GEOM_TYPE_BRANCH ok=1
Cmd: compileSnippet
  api=0 type=1 insize=634781 outsize=6 kw=DIRECTIONAL SHADOWS_OFF LIGHTMAP_OFF DIRLIGHTMAP_OFF DYNAMICLIGHTMAP_OFF GEOM_TYPE_LEAF ok=1
Cmd: compileSnippet
  api=0 type=1 insize=634781 outsize=6 kw=DIRECTIONAL SHADOWS_SCREEN LIGHTMAP_OFF DIRLIGHTMAP_OFF DYNAMICLIGHTMAP_OFF EFFECT_HUE_VARIATION GEOM_TYPE_LEAF ok=1
Cmd: compileSnippet
  api=0 type=1 insize=634781 outsize=6 kw=DIRECTIONAL SHADOWS_SCREEN LIGHTMAP_OFF DIRLIGHTMAP_OFF DYNAMICLIGHTMAP_OFF LOD_FADE_PERCENTAGE EFFECT_HUE_VARIATION GEOM_TYPE_BRANCH ok=1
Cmd: compileSnippet
  api=0 type=1 insize=634781 outsize=6 kw=DIRECTIONAL SHADOWS_OFF LIGHTMAP_OFF DIRLIGHTMAP_OFF DYNAMICLIGHTMAP_OFF LOD_FADE_PERCENTAGE EFFECT_HUE_VARIATION GEOM_TYPE_BRANCH_BLEND ok=1
Cmd: compileSnippet
  api=0 type=1 insize=634781 outsize=6 kw=DIRECTIONAL SHADOWS_SCREEN LIGHTMAP_OFF DIRLIGHTMAP_OFF DYNAMICLIGHTMAP_OFF LOD_FADE_PERCENTAGE GEOM_TYPE_LEAF ok=1
Cmd: compileSnippet
  api=0 type=1 insize=634781 outsize=6 kw=DIRECTIONAL SHADOWS_SCREEN LIGHTMAP_OFF DIRLIGHTMAP_OFF DYNAMICLIGHTMAP_OFF LOD_FADE_CROSSFADE GEOM_TYPE_BRANCH ok=1
Cmd: compileSnippet
  api=0 type=1 insize=634781 outsize=6 kw=DIRECTIONAL SHADOWS_SCREEN LIGHTMAP_OFF DIRLIGHTMAP_OFF DYNAMICLIGHTMAP_OFF LOD_FADE_CROSSFADE EFFECT_BUMP EFFECT_HUE_VARIATION GEOM_TYPE_BRANCH ok=1
Cmd: compileSnippet
  api=0 type=1 insize=634781 outsize=6 kw=DIRECTIONAL SHADOWS_SCREEN LIGHTMAP_OFF DIRLIGHTMAP_OFF DYNAMICLIGHTMAP_OFF LOD_FADE_CROSSFADE EFFECT_BUMP EFFECT_HUE_VARIATION GEOM_TYPE_BRANCH_BLEND ok=1
Cmd: compileSnippet
  api=0 type=1 insize=634781 outsize=6 kw=DIRECTIONAL SHADOWS_SCREEN LIGHTMAP_OFF DIRLIGHTMAP_OFF DYNAMICLIGHTMAP_OFF LOD_FADE_CROSSFADE EFFECT_HUE_VARIATION GEOM_TYPE_LEAF ok=1
Cmd: compileSnippet
  api=0 type=0 insize=408937 outsize=9015 kw=SPOT GEOM_TYPE_BRANCH ok=1
Cmd: compileSnippet
  api=0 type=0 insize=408937 outsize=8776 kw=DIRECTIONAL_COOKIE GEOM_TYPE_BRANCH ok=1
Cmd: compileSnippet
  api=0 type=0 insize=408937 outsize=9582 kw=POINT_COOKIE EFFECT_HUE_VARIATION GEOM_TYPE_BRANCH ok=1
Cmd: compileSnippet
  api=0 type=0 insize=408937 outsize=9247 kw=POINT GEOM_TYPE_BRANCH_BLEND ok=1
Cmd: compileSnippet
  api=0 type=0 insize=408937 outsize=9147 kw=DIRECTIONAL_COOKIE GEOM_TYPE_BRANCH_BLEND ok=1
Cmd: compileSnippet
  api=0 type=0 insize=408937 outsize=9914 kw=POINT_COOKIE EFFECT_HUE_VARIATION GEOM_TYPE_BRANCH_BLEND ok=1
Cmd: compileSnippet
  api=0 type=0 insize=408937 outsize=16484 kw=POINT GEOM_TYPE_LEAF ok=1
Cmd: compileSnippet
  api=0 type=0 insize=408937 outsize=16384 kw=DIRECTIONAL_COOKIE GEOM_TYPE_LEAF ok=1
Cmd: compileSnippet
  api=0 type=0 insize=408937 outsize=17202 kw=POINT_COOKIE EFFECT_HUE_VARIATION GEOM_TYPE_LEAF ok=1
Cmd: compileSnippet
  api=0 type=0 insize=408937 outsize=8983 kw=POINT LOD_FADE_PERCENTAGE GEOM_TYPE_BRANCH ok=1
Cmd: compileSnippet
  api=0 type=0 insize=408937 outsize=8883 kw=DIRECTIONAL_COOKIE LOD_FADE_PERCENTAGE GEOM_TYPE_BRANCH ok=1
Cmd: compileSnippet
  api=0 type=0 insize=408937 outsize=9688 kw=POINT_COOKIE LOD_FADE_PERCENTAGE EFFECT_HUE_VARIATION GEOM_TYPE_BRANCH ok=1
Cmd: compileSnippet
  api=0 type=0 insize=408937 outsize=10926 kw=POINT_COOKIE LOD_FADE_PERCENTAGE EFFECT_BUMP EFFECT_HUE_VARIATION GEOM_TYPE_BRANCH ok=1
Cmd: compileSnippet
  api=0 type=0 insize=408937 outsize=9492 kw=SPOT LOD_FADE_PERCENTAGE GEOM_TYPE_BRANCH_BLEND ok=1
Cmd: compileSnippet
  api=0 type=0 insize=408937 outsize=9607 kw=DIRECTIONAL LOD_FADE_PERCENTAGE EFFECT_HUE_VARIATION GEOM_TYPE_BRANCH_BLEND ok=1
Cmd: compileSnippet
  api=0 type=0 insize=408937 outsize=10836 kw=DIRECTIONAL LOD_FADE_PERCENTAGE EFFECT_BUMP EFFECT_HUE_VARIATION GEOM_TYPE_BRANCH_BLEND ok=1
Cmd: compileSnippet
  api=0 type=0 insize=408937 outsize=16788 kw=POINT LOD_FADE_PERCENTAGE GEOM_TYPE_LEAF ok=1
Cmd: compileSnippet
  api=0 type=0 insize=408937 outsize=16688 kw=DIRECTIONAL_COOKIE LOD_FADE_PERCENTAGE GEOM_TYPE_LEAF ok=1
Cmd: compileSnippet
  api=0 type=0 insize=408937 outsize=17516 kw=POINT_COOKIE LOD_FADE_PERCENTAGE EFFECT_HUE_VARIATION GEOM_TYPE_LEAF ok=1
Cmd: compileSnippet
  api=0 type=0 insize=408937 outsize=18769 kw=POINT_COOKIE LOD_FADE_PERCENTAGE EFFECT_BUMP EFFECT_HUE_VARIATION GEOM_TYPE_LEAF ok=1
Cmd: compileSnippet
  api=0 type=0 insize=408937 outsize=9917 kw=SPOT LOD_FADE_CROSSFADE GEOM_TYPE_BRANCH ok=1
Cmd: compileSnippet
  api=0 type=0 insize=408937 outsize=10075 kw=DIRECTIONAL LOD_FADE_CROSSFADE EFFECT_HUE_VARIATION GEOM_TYPE_BRANCH ok=1
Cmd: compileSnippet
  api=0 type=0 insize=408937 outsize=11316 kw=DIRECTIONAL LOD_FADE_CROSSFADE EFFECT_BUMP EFFECT_HUE_VARIATION GEOM_TYPE_BRANCH ok=1
Cmd: compileSnippet
  api=0 type=0 insize=408937 outsize=10154 kw=POINT LOD_FADE_CROSSFADE GEOM_TYPE_BRANCH_BLEND ok=1
Cmd: compileSnippet
  api=0 type=0 insize=408937 outsize=10049 kw=DIRECTIONAL_COOKIE LOD_FADE_CROSSFADE GEOM_TYPE_BRANCH_BLEND ok=1
Cmd: compileSnippet
  api=0 type=0 insize=408937 outsize=10830 kw=POINT_COOKIE LOD_FADE_CROSSFADE EFFECT_HUE_VARIATION GEOM_TYPE_BRANCH_BLEND ok=1
Cmd: compileSnippet
  api=0 type=0 insize=408937 outsize=12071 kw=POINT_COOKIE LOD_FADE_CROSSFADE EFFECT_BUMP EFFECT_HUE_VARIATION GEOM_TYPE_BRANCH_BLEND ok=1
Cmd: compileSnippet
  api=0 type=0 insize=408937 outsize=17534 kw=SPOT LOD_FADE_CROSSFADE GEOM_TYPE_LEAF ok=1
Cmd: compileSnippet
  api=0 type=0 insize=408937 outsize=17696 kw=DIRECTIONAL LOD_FADE_CROSSFADE EFFECT_HUE_VARIATION GEOM_TYPE_LEAF ok=1
Cmd: compileSnippet
  api=0 type=0 insize=408937 outsize=18963 kw=DIRECTIONAL LOD_FADE_CROSSFADE EFFECT_BUMP EFFECT_HUE_VARIATION GEOM_TYPE_LEAF ok=1
Cmd: compileSnippet
  api=0 type=1 insize=408937 outsize=6 kw=DIRECTIONAL GEOM_TYPE_BRANCH ok=1
Cmd: compileSnippet
  api=0 type=1 insize=408937 outsize=6 kw=POINT EFFECT_HUE_VARIATION GEOM_TYPE_BRANCH ok=1
Cmd: compileSnippet
  api=0 type=1 insize=408937 outsize=6 kw=DIRECTIONAL_COOKIE EFFECT_HUE_VARIATION GEOM_TYPE_BRANCH ok=1
Cmd: compileSnippet
  api=0 type=1 insize=408937 outsize=6 kw=DIRECTIONAL GEOM_TYPE_BRANCH_BLEND ok=1
Cmd: compileSnippet
  api=0 type=1 insize=408937 outsize=6 kw=DIRECTIONAL_COOKIE GEOM_TYPE_BRANCH_BLEND ok=1
Cmd: compileSnippet
  api=0 type=1 insize=408937 outsize=6 kw=POINT_COOKIE EFFECT_BUMP EFFECT_HUE_VARIATION GEOM_TYPE_BRANCH_BLEND ok=1
Cmd: compileSnippet
  api=0 type=1 insize=408937 outsize=6 kw=SPOT GEOM_TYPE_LEAF ok=1
Cmd: compileSnippet
  api=0 type=1 insize=408937 outsize=6 kw=DIRECTIONAL EFFECT_HUE_VARIATION GEOM_TYPE_LEAF ok=1
Cmd: compileSnippet
  api=0 type=1 insize=408937 outsize=6 kw=POINT_COOKIE EFFECT_HUE_VARIATION GEOM_TYPE_LEAF ok=1
Cmd: compileSnippet
  api=0 type=1 insize=408937 outsize=6 kw=DIRECTIONAL LOD_FADE_PERCENTAGE GEOM_TYPE_BRANCH ok=1
Cmd: compileSnippet
  api=0 type=1 insize=408937 outsize=6 kw=DIRECTIONAL_COOKIE LOD_FADE_PERCENTAGE GEOM_TYPE_BRANCH ok=1
Cmd: compileSnippet
  api=0 type=1 insize=408937 outsize=6 kw=POINT_COOKIE LOD_FADE_PERCENTAGE EFFECT_HUE_VARIATION GEOM_TYPE_BRANCH ok=1
Cmd: compileSnippet
  api=0 type=1 insize=408937 outsize=6 kw=POINT_COOKIE LOD_FADE_PERCENTAGE EFFECT_BUMP EFFECT_HUE_VARIATION GEOM_TYPE_BRANCH ok=1
Cmd: compileSnippet
  api=0 type=1 insize=408937 outsize=6 kw=SPOT LOD_FADE_PERCENTAGE GEOM_TYPE_BRANCH_BLEND ok=1
Cmd: compileSnippet
  api=0 type=1 insize=408937 outsize=6 kw=DIRECTIONAL LOD_FADE_PERCENTAGE EFFECT_HUE_VARIATION GEOM_TYPE_BRANCH_BLEND ok=1
Cmd: compileSnippet
  api=0 type=1 insize=408937 outsize=6 kw=DIRECTIONAL LOD_FADE_PERCENTAGE EFFECT_BUMP EFFECT_HUE_VARIATION GEOM_TYPE_BRANCH_BLEND ok=1
Cmd: compileSnippet
  api=0 type=1 insize=408937 outsize=6 kw=POINT LOD_FADE_PERCENTAGE GEOM_TYPE_LEAF ok=1
Cmd: compileSnippet
  api=0 type=1 insize=408937 outsize=6 kw=DIRECTIONAL_COOKIE LOD_FADE_PERCENTAGE GEOM_TYPE_LEAF ok=1
Cmd: compileSnippet
  api=0 type=1 insize=408937 outsize=6 kw=POINT_COOKIE LOD_FADE_PERCENTAGE EFFECT_HUE_VARIATION GEOM_TYPE_LEAF ok=1
Cmd: compileSnippet
  api=0 type=1 insize=408937 outsize=6 kw=DIRECTIONAL_COOKIE LOD_FADE_PERCENTAGE EFFECT_BUMP EFFECT_HUE_VARIATION GEOM_TYPE_LEAF ok=1
Cmd: compileSnippet
  api=0 type=1 insize=408937 outsize=6 kw=DIRECTIONAL_COOKIE LOD_FADE_CROSSFADE GEOM_TYPE_BRANCH ok=1
Cmd: compileSnippet
  api=0 type=1 insize=408937 outsize=6 kw=SPOT LOD_FADE_CROSSFADE EFFECT_HUE_VARIATION GEOM_TYPE_BRANCH ok=1
Cmd: compileSnippet
  api=0 type=1 insize=408937 outsize=6 kw=SPOT LOD_FADE_CROSSFADE EFFECT_BUMP EFFECT_HUE_VARIATION GEOM_TYPE_BRANCH ok=1
Cmd: compileSnippet
  api=0 type=1 insize=408937 outsize=6 kw=DIRECTIONAL LOD_FADE_CROSSFADE GEOM_TYPE_BRANCH_BLEND ok=1
Cmd: compileSnippet
  api=0 type=1 insize=408937 outsize=6 kw=POINT LOD_FADE_CROSSFADE EFFECT_HUE_VARIATION GEOM_TYPE_BRANCH_BLEND ok=1
Cmd: compileSnippet
  api=0 type=1 insize=408937 outsize=6 kw=DIRECTIONAL_COOKIE LOD_FADE_CROSSFADE EFFECT_HUE_VARIATION GEOM_TYPE_BRANCH_BLEND ok=1
Cmd: compileSnippet
  api=0 type=1 insize=408937 outsize=6 kw=DIRECTIONAL_COOKIE LOD_FADE_CROSSFADE EFFECT_BUMP EFFECT_HUE_VARIATION GEOM_TYPE_BRANCH_BLEND ok=1
Cmd: compileSnippet
  api=0 type=1 insize=408937 outsize=6 kw=POINT_COOKIE LOD_FADE_CROSSFADE GEOM_TYPE_LEAF ok=1
Cmd: compileSnippet
  api=0 type=1 insize=408937 outsize=6 kw=SPOT LOD_FADE_CROSSFADE EFFECT_HUE_VARIATION GEOM_TYPE_LEAF ok=1
Cmd: compileSnippet
  api=0 type=1 insize=408937 outsize=6 kw=SPOT LOD_FADE_CROSSFADE EFFECT_BUMP EFFECT_HUE_VARIATION GEOM_TYPE_LEAF ok=1
Cmd: compileSnippet
  api=0 type=0 insize=357408 outsize=8351 kw=EFFECT_HUE_VARIATION GEOM_TYPE_BRANCH ok=1
Cmd: compileSnippet
  api=0 type=0 insize=357408 outsize=15833 kw=GEOM_TYPE_LEAF ok=1
Cmd: compileSnippet
  api=0 type=0 insize=357408 outsize=8457 kw=LOD_FADE_PERCENTAGE EFFECT_HUE_VARIATION GEOM_TYPE_BRANCH ok=1
Cmd: compileSnippet
  api=0 type=0 insize=357408 outsize=9326 kw=LOD_FADE_PERCENTAGE EFFECT_HUE_VARIATION GEOM_TYPE_BRANCH_BLEND ok=1
Cmd: compileSnippet
  api=0 type=0 insize=357408 outsize=17694 kw=LOD_FADE_PERCENTAGE EFFECT_BUMP EFFECT_HUE_VARIATION GEOM_TYPE_LEAF ok=1
Cmd: compileSnippet
  api=0 type=0 insize=357408 outsize=11443 kw=LOD_FADE_CROSSFADE EFFECT_BUMP EFFECT_HUE_VARIATION GEOM_TYPE_BRANCH_BLEND ok=1
Cmd: compileSnippet
  api=0 type=1 insize=357408 outsize=6 kw=EFFECT_HUE_VARIATION GEOM_TYPE_BRANCH ok=1
Cmd: compileSnippet
  api=0 type=1 insize=357408 outsize=6 kw=EFFECT_BUMP EFFECT_HUE_VARIATION GEOM_TYPE_BRANCH_BLEND ok=1
Cmd: compileSnippet
  api=0 type=1 insize=357408 outsize=6 kw=LOD_FADE_PERCENTAGE GEOM_TYPE_BRANCH ok=1
Cmd: compileSnippet
  api=0 type=1 insize=357408 outsize=6 kw=LOD_FADE_PERCENTAGE EFFECT_HUE_VARIATION GEOM_TYPE_BRANCH_BLEND ok=1
Cmd: compileSnippet
  api=0 type=1 insize=357408 outsize=6 kw=LOD_FADE_PERCENTAGE EFFECT_BUMP EFFECT_HUE_VARIATION GEOM_TYPE_LEAF ok=1
Cmd: compileSnippet
  api=0 type=1 insize=357408 outsize=6 kw=LOD_FADE_CROSSFADE EFFECT_HUE_VARIATION GEOM_TYPE_BRANCH_BLEND ok=1
Cmd: compileSnippet
  api=0 type=1 insize=357408 outsize=6 kw=LOD_FADE_CROSSFADE GEOM_TYPE_LEAF ok=1
Cmd: compileSnippet
  api=0 type=0 insize=554273 outsize=10404 kw=LIGHTMAP_OFF DIRLIGHTMAP_OFF DYNAMICLIGHTMAP_OFF EFFECT_HUE_VARIATION GEOM_TYPE_BRANCH HDR_LIGHT_PREPASS_OFF ok=1
Cmd: compileSnippet
  api=0 type=0 insize=554273 outsize=10188 kw=LIGHTMAP_OFF DIRLIGHTMAP_OFF DYNAMICLIGHTMAP_OFF UNITY_HDR_ON GEOM_TYPE_BRANCH_BLEND ok=1
Cmd: compileSnippet
  api=0 type=0 insize=554273 outsize=10735 kw=LIGHTMAP_OFF DIRLIGHTMAP_OFF DYNAMICLIGHTMAP_OFF EFFECT_BUMP EFFECT_HUE_VARIATION GEOM_TYPE_BRANCH_BLEND HDR_LIGHT_PREPASS_OFF ok=1
Cmd: compileSnippet
  api=0 type=0 insize=554273 outsize=18041 kw=LIGHTMAP_OFF DIRLIGHTMAP_OFF DYNAMICLIGHTMAP_OFF EFFECT_HUE_VARIATION GEOM_TYPE_LEAF HDR_LIGHT_PREPASS_OFF ok=1
Cmd: compileSnippet
  api=0 type=0 insize=554273 outsize=9920 kw=LIGHTMAP_OFF DIRLIGHTMAP_OFF DYNAMICLIGHTMAP_OFF UNITY_HDR_ON LOD_FADE_PERCENTAGE GEOM_TYPE_BRANCH ok=1
Cmd: compileSnippet
  api=0 type=0 insize=554273 outsize=10512 kw=LIGHTMAP_OFF DIRLIGHTMAP_OFF DYNAMICLIGHTMAP_OFF LOD_FADE_PERCENTAGE EFFECT_HUE_VARIATION GEOM_TYPE_BRANCH HDR_LIGHT_PREPASS_OFF ok=1
Cmd: compileSnippet
  api=0 type=0 insize=554273 outsize=10259 kw=LIGHTMAP_OFF DIRLIGHTMAP_OFF DYNAMICLIGHTMAP_OFF LOD_FADE_PERCENTAGE GEOM_TYPE_BRANCH_BLEND HDR_LIGHT_PREPASS_OFF ok=1
Cmd: compileSnippet
  api=0 type=0 insize=554273 outsize=10843 kw=LIGHTMAP_OFF DIRLIGHTMAP_OFF DYNAMICLIGHTMAP_OFF LOD_FADE_PERCENTAGE EFFECT_BUMP EFFECT_HUE_VARIATION GEOM_TYPE_BRANCH_BLEND HDR_LIGHT_PREPASS_OFF ok=1
Cmd: compileSnippet
  api=0 type=0 insize=554273 outsize=18361 kw=LIGHTMAP_OFF DIRLIGHTMAP_OFF DYNAMICLIGHTMAP_OFF LOD_FADE_PERCENTAGE EFFECT_HUE_VARIATION GEOM_TYPE_LEAF HDR_LIGHT_PREPASS_OFF ok=1
Cmd: compileSnippet
  api=0 type=0 insize=554273 outsize=10652 kw=LIGHTMAP_OFF DIRLIGHTMAP_OFF DYNAMICLIGHTMAP_OFF LOD_FADE_CROSSFADE GEOM_TYPE_BRANCH HDR_LIGHT_PREPASS_OFF ok=1
Cmd: compileSnippet
  api=0 type=0 insize=554273 outsize=11278 kw=LIGHTMAP_OFF DIRLIGHTMAP_OFF DYNAMICLIGHTMAP_OFF LOD_FADE_CROSSFADE EFFECT_BUMP EFFECT_HUE_VARIATION GEOM_TYPE_BRANCH HDR_LIGHT_PREPASS_OFF ok=1
Cmd: compileSnippet
  api=0 type=0 insize=554273 outsize=11609 kw=LIGHTMAP_OFF DIRLIGHTMAP_OFF DYNAMICLIGHTMAP_OFF LOD_FADE_CROSSFADE EFFECT_HUE_VARIATION GEOM_TYPE_BRANCH_BLEND HDR_LIGHT_PREPASS_OFF ok=1
Cmd: compileSnippet
  api=0 type=0 insize=554273 outsize=18305 kw=LIGHTMAP_OFF DIRLIGHTMAP_OFF DYNAMICLIGHTMAP_OFF LOD_FADE_CROSSFADE GEOM_TYPE_LEAF HDR_LIGHT_PREPASS_OFF ok=1
Cmd: compileSnippet
  api=0 type=0 insize=554273 outsize=18957 kw=LIGHTMAP_OFF DIRLIGHTMAP_OFF DYNAMICLIGHTMAP_OFF LOD_FADE_CROSSFADE EFFECT_BUMP EFFECT_HUE_VARIATION GEOM_TYPE_LEAF HDR_LIGHT_PREPASS_OFF ok=1
Cmd: compileSnippet
  api=0 type=1 insize=554273 outsize=6 kw=LIGHTMAP_OFF DIRLIGHTMAP_OFF DYNAMICLIGHTMAP_OFF UNITY_HDR_ON EFFECT_HUE_VARIATION GEOM_TYPE_BRANCH ok=1
Cmd: compileSnippet
  api=0 type=1 insize=554273 outsize=6 kw=LIGHTMAP_OFF DIRLIGHTMAP_OFF DYNAMICLIGHTMAP_OFF UNITY_HDR_ON GEOM_TYPE_BRANCH_BLEND ok=1
Cmd: compileSnippet
  api=0 type=1 insize=554273 outsize=6 kw=LIGHTMAP_OFF DIRLIGHTMAP_OFF DYNAMICLIGHTMAP_OFF UNITY_HDR_ON EFFECT_HUE_VARIATION GEOM_TYPE_BRANCH_BLEND ok=1
Cmd: compileSnippet
  api=0 type=1 insize=554273 outsize=6 kw=LIGHTMAP_OFF DIRLIGHTMAP_OFF DYNAMICLIGHTMAP_OFF EFFECT_HUE_VARIATION GEOM_TYPE_LEAF HDR_LIGHT_PREPASS_OFF ok=1
Cmd: compileSnippet
  api=0 type=1 insize=554273 outsize=6 kw=LIGHTMAP_OFF DIRLIGHTMAP_OFF DYNAMICLIGHTMAP_OFF LOD_FADE_PERCENTAGE GEOM_TYPE_BRANCH HDR_LIGHT_PREPASS_OFF ok=1
Cmd: compileSnippet
  api=0 type=1 insize=554273 outsize=6 kw=LIGHTMAP_OFF DIRLIGHTMAP_OFF DYNAMICLIGHTMAP_OFF UNITY_HDR_ON LOD_FADE_PERCENTAGE EFFECT_BUMP EFFECT_HUE_VARIATION GEOM_TYPE_BRANCH ok=1
Cmd: compileSnippet
  api=0 type=1 insize=554273 outsize=6 kw=LIGHTMAP_OFF DIRLIGHTMAP_OFF DYNAMICLIGHTMAP_OFF UNITY_HDR_ON LOD_FADE_PERCENTAGE EFFECT_HUE_VARIATION GEOM_TYPE_BRANCH_BLEND ok=1
Cmd: compileSnippet
  api=0 type=1 insize=554273 outsize=6 kw=LIGHTMAP_OFF DIRLIGHTMAP_OFF DYNAMICLIGHTMAP_OFF LOD_FADE_PERCENTAGE EFFECT_BUMP EFFECT_HUE_VARIATION GEOM_TYPE_BRANCH_BLEND HDR_LIGHT_PREPASS_OFF ok=1
Cmd: compileSnippet
  api=0 type=1 insize=554273 outsize=6 kw=LIGHTMAP_OFF DIRLIGHTMAP_OFF DYNAMICLIGHTMAP_OFF UNITY_HDR_ON LOD_FADE_PERCENTAGE EFFECT_BUMP EFFECT_HUE_VARIATION GEOM_TYPE_LEAF ok=1
Cmd: compileSnippet
  api=0 type=1 insize=554273 outsize=6 kw=LIGHTMAP_OFF DIRLIGHTMAP_OFF DYNAMICLIGHTMAP_OFF UNITY_HDR_ON LOD_FADE_CROSSFADE EFFECT_HUE_VARIATION GEOM_TYPE_BRANCH ok=1
Cmd: compileSnippet
  api=0 type=1 insize=554273 outsize=6 kw=LIGHTMAP_OFF DIRLIGHTMAP_OFF DYNAMICLIGHTMAP_OFF UNITY_HDR_ON LOD_FADE_CROSSFADE GEOM_TYPE_BRANCH_BLEND ok=1
Cmd: compileSnippet
  api=0 type=1 insize=554273 outsize=6 kw=LIGHTMAP_OFF DIRLIGHTMAP_OFF DYNAMICLIGHTMAP_OFF UNITY_HDR_ON LOD_FADE_CROSSFADE EFFECT_BUMP EFFECT_HUE_VARIATION GEOM_TYPE_BRANCH_BLEND ok=1
Cmd: compileSnippet
  api=0 type=1 insize=554273 outsize=6 kw=LIGHTMAP_OFF DIRLIGHTMAP_OFF DYNAMICLIGHTMAP_OFF UNITY_HDR_ON LOD_FADE_CROSSFADE EFFECT_HUE_VARIATION GEOM_TYPE_LEAF ok=1
Cmd: compileSnippet
  api=0 type=0 insize=594593 outsize=9641 kw=LIGHTMAP_OFF DIRLIGHTMAP_OFF DYNAMICLIGHTMAP_OFF UNITY_HDR_ON GEOM_TYPE_BRANCH ok=1
Cmd: compileSnippet
  api=0 type=0 insize=594593 outsize=11586 kw=LIGHTMAP_OFF DIRLIGHTMAP_OFF DYNAMICLIGHTMAP_OFF UNITY_HDR_ON EFFECT_BUMP EFFECT_HUE_VARIATION GEOM_TYPE_BRANCH ok=1
Cmd: compileSnippet
  api=0 type=0 insize=594593 outsize=12036 kw=LIGHTMAP_OFF DIRLIGHTMAP_OFF DYNAMICLIGHTMAP_OFF EFFECT_BUMP EFFECT_HUE_VARIATION GEOM_TYPE_BRANCH_BLEND HDR_LIGHT_PREPASS_OFF ok=1
Cmd: compileSnippet
  api=0 type=0 insize=594593 outsize=18047 kw=LIGHTMAP_OFF DIRLIGHTMAP_OFF DYNAMICLIGHTMAP_OFF EFFECT_HUE_VARIATION GEOM_TYPE_LEAF HDR_LIGHT_PREPASS_OFF ok=1
Cmd: compileSnippet
  api=0 type=0 insize=594593 outsize=9853 kw=LIGHTMAP_OFF DIRLIGHTMAP_OFF DYNAMICLIGHTMAP_OFF LOD_FADE_PERCENTAGE GEOM_TYPE_BRANCH HDR_LIGHT_PREPASS_OFF ok=1
Cmd: compileSnippet
  api=0 type=0 insize=594593 outsize=10529 kw=LIGHTMAP_OFF DIRLIGHTMAP_OFF DYNAMICLIGHTMAP_OFF LOD_FADE_PERCENTAGE EFFECT_HUE_VARIATION GEOM_TYPE_BRANCH HDR_LIGHT_PREPASS_OFF ok=1
Cmd: compileSnippet
  api=0 type=0 insize=594593 outsize=10268 kw=LIGHTMAP_OFF DIRLIGHTMAP_OFF DYNAMICLIGHTMAP_OFF LOD_FADE_PERCENTAGE GEOM_TYPE_BRANCH_BLEND HDR_LIGHT_PREPASS_OFF ok=1
Cmd: compileSnippet
  api=0 type=0 insize=594593 outsize=12031 kw=LIGHTMAP_OFF DIRLIGHTMAP_OFF DYNAMICLIGHTMAP_OFF UNITY_HDR_ON LOD_FADE_PERCENTAGE EFFECT_BUMP EFFECT_HUE_VARIATION GEOM_TYPE_BRANCH_BLEND ok=1
Cmd: compileSnippet
  api=0 type=0 insize=594593 outsize=18237 kw=LIGHTMAP_OFF DIRLIGHTMAP_OFF DYNAMICLIGHTMAP_OFF UNITY_HDR_ON LOD_FADE_PERCENTAGE EFFECT_HUE_VARIATION GEOM_TYPE_LEAF ok=1
Cmd: compileSnippet
  api=0 type=0 insize=594593 outsize=10547 kw=LIGHTMAP_OFF DIRLIGHTMAP_OFF DYNAMICLIGHTMAP_OFF UNITY_HDR_ON LOD_FADE_CROSSFADE GEOM_TYPE_BRANCH ok=1
Cmd: compileSnippet
  api=0 type=0 insize=594593 outsize=12508 kw=LIGHTMAP_OFF DIRLIGHTMAP_OFF DYNAMICLIGHTMAP_OFF UNITY_HDR_ON LOD_FADE_CROSSFADE EFFECT_BUMP EFFECT_HUE_VARIATION GEOM_TYPE_BRANCH ok=1
Cmd: compileSnippet
  api=0 type=0 insize=594593 outsize=11565 kw=LIGHTMAP_OFF DIRLIGHTMAP_OFF DYNAMICLIGHTMAP_OFF UNITY_HDR_ON LOD_FADE_CROSSFADE EFFECT_HUE_VARIATION GEOM_TYPE_BRANCH_BLEND ok=1
Cmd: compileSnippet
  api=0 type=0 insize=594593 outsize=18206 kw=LIGHTMAP_OFF DIRLIGHTMAP_OFF DYNAMICLIGHTMAP_OFF UNITY_HDR_ON LOD_FADE_CROSSFADE GEOM_TYPE_LEAF ok=1
Cmd: compileSnippet
  api=0 type=0 insize=594593 outsize=20189 kw=LIGHTMAP_OFF DIRLIGHTMAP_OFF DYNAMICLIGHTMAP_OFF UNITY_HDR_ON LOD_FADE_CROSSFADE EFFECT_BUMP EFFECT_HUE_VARIATION GEOM_TYPE_LEAF ok=1
Cmd: compileSnippet
  api=0 type=1 insize=594593 outsize=6 kw=LIGHTMAP_OFF DIRLIGHTMAP_OFF DYNAMICLIGHTMAP_OFF UNITY_HDR_ON EFFECT_HUE_VARIATION GEOM_TYPE_BRANCH ok=1
Cmd: compileSnippet
  api=0 type=1 insize=594593 outsize=6 kw=LIGHTMAP_OFF DIRLIGHTMAP_OFF DYNAMICLIGHTMAP_OFF EFFECT_BUMP EFFECT_HUE_VARIATION GEOM_TYPE_BRANCH HDR_LIGHT_PREPASS_OFF ok=1
Cmd: compileSnippet
  api=0 type=1 insize=594593 outsize=6 kw=LIGHTMAP_OFF DIRLIGHTMAP_OFF DYNAMICLIGHTMAP_OFF EFFECT_HUE_VARIATION GEOM_TYPE_BRANCH_BLEND HDR_LIGHT_PREPASS_OFF ok=1
Cmd: compileSnippet
  api=0 type=1 insize=594593 outsize=6 kw=LIGHTMAP_OFF DIRLIGHTMAP_OFF DYNAMICLIGHTMAP_OFF GEOM_TYPE_LEAF HDR_LIGHT_PREPASS_OFF ok=1
Cmd: compileSnippet
  api=0 type=1 insize=594593 outsize=6 kw=LIGHTMAP_OFF DIRLIGHTMAP_OFF DYNAMICLIGHTMAP_OFF UNITY_HDR_ON LOD_FADE_PERCENTAGE GEOM_TYPE_BRANCH ok=1
Cmd: compileSnippet
  api=0 type=1 insize=594593 outsize=6 kw=LIGHTMAP_OFF DIRLIGHTMAP_OFF DYNAMICLIGHTMAP_OFF LOD_FADE_PERCENTAGE EFFECT_BUMP EFFECT_HUE_VARIATION GEOM_TYPE_BRANCH HDR_LIGHT_PREPASS_OFF ok=1
Cmd: compileSnippet
  api=0 type=1 insize=594593 outsize=6 kw=LIGHTMAP_OFF DIRLIGHTMAP_OFF DYNAMICLIGHTMAP_OFF LOD_FADE_PERCENTAGE EFFECT_HUE_VARIATION GEOM_TYPE_BRANCH_BLEND HDR_LIGHT_PREPASS_OFF ok=1
Cmd: compileSnippet
  api=0 type=1 insize=594593 outsize=6 kw=LIGHTMAP_OFF DIRLIGHTMAP_OFF DYNAMICLIGHTMAP_OFF UNITY_HDR_ON LOD_FADE_PERCENTAGE EFFECT_BUMP EFFECT_HUE_VARIATION GEOM_TYPE_BRANCH_BLEND ok=1
Cmd: compileSnippet
  api=0 type=1 insize=594593 outsize=6 kw=LIGHTMAP_OFF DIRLIGHTMAP_OFF DYNAMICLIGHTMAP_OFF LOD_FADE_PERCENTAGE EFFECT_HUE_VARIATION GEOM_TYPE_LEAF HDR_LIGHT_PREPASS_OFF ok=1
Cmd: compileSnippet
  api=0 type=1 insize=594593 outsize=6 kw=LIGHTMAP_OFF DIRLIGHTMAP_OFF DYNAMICLIGHTMAP_OFF LOD_FADE_CROSSFADE GEOM_TYPE_BRANCH HDR_LIGHT_PREPASS_OFF ok=1
Cmd: compileSnippet
  api=0 type=1 insize=594593 outsize=6 kw=LIGHTMAP_OFF DIRLIGHTMAP_OFF DYNAMICLIGHTMAP_OFF LOD_FADE_CROSSFADE EFFECT_BUMP EFFECT_HUE_VARIATION GEOM_TYPE_BRANCH HDR_LIGHT_PREPASS_OFF ok=1
Cmd: compileSnippet
  api=0 type=1 insize=594593 outsize=6 kw=LIGHTMAP_OFF DIRLIGHTMAP_OFF DYNAMICLIGHTMAP_OFF UNITY_HDR_ON LOD_FADE_CROSSFADE EFFECT_HUE_VARIATION GEOM_TYPE_BRANCH_BLEND ok=1
Cmd: compileSnippet
  api=0 type=1 insize=594593 outsize=6 kw=LIGHTMAP_OFF DIRLIGHTMAP_OFF DYNAMICLIGHTMAP_OFF UNITY_HDR_ON LOD_FADE_CROSSFADE GEOM_TYPE_LEAF ok=1
Cmd: compileSnippet
  api=0 type=1 insize=594593 outsize=6 kw=LIGHTMAP_OFF DIRLIGHTMAP_OFF DYNAMICLIGHTMAP_OFF LOD_FADE_CROSSFADE EFFECT_BUMP EFFECT_HUE_VARIATION GEOM_TYPE_LEAF HDR_LIGHT_PREPASS_OFF ok=1
Cmd: compileSnippet
  api=0 type=0 insize=1319 outsize=9607 kw=SHADOWS_DEPTH LOD_FADE_CROSSFADE GEOM_TYPE_BRANCH ok=1
Cmd: compileSnippet
  api=0 type=1 insize=1319 outsize=6 kw=SHADOWS_DEPTH LOD_FADE_CROSSFADE GEOM_TYPE_LEAF ok=1
Cmd: compileSnippet
  api=0 type=0 insize=1267 outsize=10992 kw=GEOM_TYPE_BRANCH_BLEND ok=1
Cmd: compileSnippet
  api=0 type=0 insize=1267 outsize=18206 kw=GEOM_TYPE_LEAF ok=1
Cmd: compileSnippet
  api=0 type=0 insize=1267 outsize=18524 kw=LOD_FADE_PERCENTAGE GEOM_TYPE_LEAF ok=1
Cmd: compileSnippet
  api=0 type=0 insize=1267 outsize=11954 kw=LOD_FADE_CROSSFADE GEOM_TYPE_BRANCH_BLEND ok=1
Cmd: compileSnippet
  api=0 type=1 insize=1267 outsize=6 kw=EFFECT_HUE_VARIATION GEOM_TYPE_BRANCH ok=1
Cmd: compileSnippet
  api=0 type=1 insize=1267 outsize=6 kw=LOD_FADE_PERCENTAGE EFFECT_HUE_VARIATION GEOM_TYPE_BRANCH ok=1
Cmd: compileSnippet
  api=0 type=1 insize=1267 outsize=6 kw=LOD_FADE_PERCENTAGE EFFECT_HUE_VARIATION GEOM_TYPE_LEAF ok=1
Cmd: compileSnippet
  api=0 type=1 insize=1267 outsize=6 kw=LOD_FADE_CROSSFADE EFFECT_HUE_VARIATION GEOM_TYPE_BRANCH_BLEND ok=1
Cmd: compileSnippet
  api=0 type=0 insize=99240 outsize=4255 kw=DIRECTIONAL SHADOWS_SCREEN LIGHTMAP_OFF DIRLIGHTMAP_OFF DYNAMICLIGHTMAP_OFF VERTEXLIGHT_ON GEOM_TYPE_BRANCH ok=1
Cmd: compileSnippet
  api=0 type=0 insize=99240 outsize=4626 kw=DIRECTIONAL SHADOWS_SCREEN LIGHTMAP_OFF DIRLIGHTMAP_OFF DYNAMICLIGHTMAP_OFF VERTEXLIGHT_ON GEOM_TYPE_BRANCH_BLEND ok=1
Cmd: compileSnippet
  api=0 type=0 insize=99240 outsize=4645 kw=DIRECTIONAL SHADOWS_SCREEN LIGHTMAP_OFF DIRLIGHTMAP_OFF DYNAMICLIGHTMAP_OFF VERTEXLIGHT_ON GEOM_TYPE_LEAF ok=1
Cmd: compileSnippet
  api=0 type=0 insize=99240 outsize=4412 kw=DIRECTIONAL SHADOWS_SCREEN LIGHTMAP_OFF DIRLIGHTMAP_OFF DYNAMICLIGHTMAP_OFF VERTEXLIGHT_ON LOD_FADE_PERCENTAGE GEOM_TYPE_BRANCH ok=1
Cmd: compileSnippet
  api=0 type=0 insize=99240 outsize=4790 kw=DIRECTIONAL SHADOWS_SCREEN LIGHTMAP_OFF DIRLIGHTMAP_OFF DYNAMICLIGHTMAP_OFF VERTEXLIGHT_ON LOD_FADE_PERCENTAGE GEOM_TYPE_BRANCH_BLEND ok=1
Cmd: compileSnippet
  api=0 type=0 insize=99240 outsize=4879 kw=DIRECTIONAL SHADOWS_SCREEN LIGHTMAP_OFF DIRLIGHTMAP_OFF DYNAMICLIGHTMAP_OFF VERTEXLIGHT_ON LOD_FADE_PERCENTAGE GEOM_TYPE_LEAF ok=1
Cmd: compileSnippet
  api=0 type=1 insize=99240 outsize=6 kw=DIRECTIONAL SHADOWS_SCREEN LIGHTMAP_OFF DIRLIGHTMAP_OFF DYNAMICLIGHTMAP_OFF GEOM_TYPE_BRANCH_BLEND ok=1
Cmd: compileSnippet
  api=0 type=1 insize=99240 outsize=6 kw=DIRECTIONAL SHADOWS_SCREEN LIGHTMAP_OFF DIRLIGHTMAP_OFF DYNAMICLIGHTMAP_OFF LOD_FADE_PERCENTAGE GEOM_TYPE_BRANCH ok=1
Cmd: compileSnippet
  api=0 type=1 insize=99240 outsize=6 kw=DIRECTIONAL SHADOWS_SCREEN LIGHTMAP_OFF DIRLIGHTMAP_OFF DYNAMICLIGHTMAP_OFF LOD_FADE_PERCENTAGE GEOM_TYPE_LEAF ok=1
Cmd: compileSnippet
  api=0 type=0 insize=58481 outsize=2156 kw=SPOT GEOM_TYPE_BRANCH ok=1
Cmd: compileSnippet
  api=0 type=0 insize=58481 outsize=2521 kw=SPOT GEOM_TYPE_BRANCH_BLEND ok=1
Cmd: compileSnippet
  api=0 type=0 insize=58481 outsize=2057 kw=DIRECTIONAL GEOM_TYPE_LEAF ok=1
Cmd: compileSnippet
  api=0 type=0 insize=58481 outsize=2288 kw=DIRECTIONAL_COOKIE GEOM_TYPE_LEAF ok=1
Cmd: compileSnippet
  api=0 type=0 insize=58481 outsize=2068 kw=DIRECTIONAL_COOKIE LOD_FADE_PERCENTAGE GEOM_TYPE_BRANCH ok=1
Cmd: compileSnippet
  api=0 type=0 insize=58481 outsize=2672 kw=SPOT LOD_FADE_PERCENTAGE GEOM_TYPE_BRANCH_BLEND ok=1
Cmd: compileSnippet
  api=0 type=0 insize=58481 outsize=2610 kw=POINT LOD_FADE_PERCENTAGE GEOM_TYPE_LEAF ok=1
Cmd: compileSnippet
  api=0 type=1 insize=58481 outsize=6 kw=DIRECTIONAL GEOM_TYPE_BRANCH ok=1
Cmd: compileSnippet
  api=0 type=1 insize=58481 outsize=6 kw=POINT GEOM_TYPE_BRANCH_BLEND ok=1
Cmd: compileSnippet
  api=0 type=1 insize=58481 outsize=6 kw=DIRECTIONAL_COOKIE GEOM_TYPE_BRANCH_BLEND ok=1
Cmd: compileSnippet
  api=0 type=1 insize=58481 outsize=6 kw=POINT LOD_FADE_PERCENTAGE GEOM_TYPE_BRANCH ok=1
Cmd: compileSnippet
  api=0 type=1 insize=58481 outsize=6 kw=DIRECTIONAL_COOKIE LOD_FADE_PERCENTAGE GEOM_TYPE_BRANCH ok=1
Cmd: compileSnippet
  api=0 type=1 insize=58481 outsize=6 kw=POINT_COOKIE LOD_FADE_PERCENTAGE GEOM_TYPE_BRANCH_BLEND ok=1
Cmd: compileSnippet
  api=0 type=1 insize=58481 outsize=6 kw=DIRECTIONAL_COOKIE LOD_FADE_PERCENTAGE GEOM_TYPE_BRANCH_BLEND ok=1
Cmd: compileSnippet
  api=0 type=1 insize=58481 outsize=6 kw=POINT_COOKIE LOD_FADE_PERCENTAGE GEOM_TYPE_LEAF ok=1
Cmd: compileSnippet
  api=0 type=0 insize=49708 outsize=1737 kw=GEOM_TYPE_LEAF ok=1
Cmd: compileSnippet
  api=0 type=1 insize=49708 outsize=6 kw=GEOM_TYPE_BRANCH_BLEND ok=1
Cmd: compileSnippet
  api=0 type=1 insize=49708 outsize=6 kw=LOD_FADE_PERCENTAGE GEOM_TYPE_LEAF ok=1
Cmd: compileSnippet
  api=0 type=0 insize=87177 outsize=3307 kw=LIGHTMAP_OFF DIRLIGHTMAP_OFF DYNAMICLIGHTMAP_OFF UNITY_HDR_ON GEOM_TYPE_BRANCH_BLEND ok=1
Cmd: compileSnippet
  api=0 type=0 insize=87177 outsize=3093 kw=LIGHTMAP_OFF DIRLIGHTMAP_OFF DYNAMICLIGHTMAP_OFF UNITY_HDR_ON LOD_FADE_PERCENTAGE GEOM_TYPE_BRANCH ok=1
Cmd: compileSnippet
  api=0 type=0 insize=87177 outsize=3550 kw=LIGHTMAP_OFF DIRLIGHTMAP_OFF DYNAMICLIGHTMAP_OFF UNITY_HDR_ON LOD_FADE_PERCENTAGE GEOM_TYPE_LEAF ok=1
Cmd: compileSnippet
  api=0 type=1 insize=87177 outsize=6 kw=LIGHTMAP_OFF DIRLIGHTMAP_OFF DYNAMICLIGHTMAP_OFF UNITY_HDR_ON GEOM_TYPE_BRANCH_BLEND ok=1
Cmd: compileSnippet
  api=0 type=1 insize=87177 outsize=6 kw=LIGHTMAP_OFF DIRLIGHTMAP_OFF DYNAMICLIGHTMAP_OFF GEOM_TYPE_LEAF HDR_LIGHT_PREPASS_OFF ok=1
Cmd: compileSnippet
  api=0 type=1 insize=87177 outsize=6 kw=LIGHTMAP_OFF DIRLIGHTMAP_OFF DYNAMICLIGHTMAP_OFF UNITY_HDR_ON LOD_FADE_PERCENTAGE GEOM_TYPE_LEAF ok=1
Cmd: compileSnippet
  api=0 type=0 insize=88439 outsize=3118 kw=LIGHTMAP_OFF DIRLIGHTMAP_OFF DYNAMICLIGHTMAP_OFF UNITY_HDR_ON GEOM_TYPE_BRANCH_BLEND ok=1
Cmd: compileSnippet
  api=0 type=0 insize=88439 outsize=2970 kw=LIGHTMAP_OFF DIRLIGHTMAP_OFF DYNAMICLIGHTMAP_OFF LOD_FADE_PERCENTAGE GEOM_TYPE_BRANCH HDR_LIGHT_PREPASS_OFF ok=1
Cmd: compileSnippet
  api=0 type=0 insize=88439 outsize=3381 kw=LIGHTMAP_OFF DIRLIGHTMAP_OFF DYNAMICLIGHTMAP_OFF LOD_FADE_PERCENTAGE GEOM_TYPE_BRANCH_BLEND HDR_LIGHT_PREPASS_OFF ok=1
Cmd: compileSnippet
  api=0 type=1 insize=88439 outsize=6 kw=LIGHTMAP_OFF DIRLIGHTMAP_OFF DYNAMICLIGHTMAP_OFF UNITY_HDR_ON GEOM_TYPE_BRANCH ok=1
Cmd: compileSnippet
  api=0 type=1 insize=88439 outsize=6 kw=LIGHTMAP_OFF DIRLIGHTMAP_OFF DYNAMICLIGHTMAP_OFF LOD_FADE_PERCENTAGE GEOM_TYPE_BRANCH HDR_LIGHT_PREPASS_OFF ok=1
Cmd: compileSnippet
  api=0 type=1 insize=88439 outsize=6 kw=LIGHTMAP_OFF DIRLIGHTMAP_OFF DYNAMICLIGHTMAP_OFF LOD_FADE_PERCENTAGE GEOM_TYPE_LEAF HDR_LIGHT_PREPASS_OFF ok=1
Cmd: compileSnippet
  api=0 type=0 insize=1123 outsize=1973 kw=SHADOWS_DEPTH GEOM_TYPE_BRANCH_BLEND ok=1
Cmd: compileSnippet
  api=0 type=0 insize=1123 outsize=2049 kw=SHADOWS_DEPTH LOD_FADE_PERCENTAGE GEOM_TYPE_BRANCH ok=1
Cmd: compileSnippet
  api=0 type=0 insize=1123 outsize=1226 kw=SHADOWS_CUBE LOD_FADE_PERCENTAGE GEOM_TYPE_LEAF ok=1
Cmd: compileSnippet
  api=0 type=1 insize=1123 outsize=6 kw=SHADOWS_DEPTH GEOM_TYPE_BRANCH_BLEND ok=1
Cmd: compileSnippet
  api=0 type=1 insize=1123 outsize=6 kw=SHADOWS_CUBE GEOM_TYPE_LEAF ok=1
Cmd: compileSnippet
  api=0 type=1 insize=1123 outsize=6 kw=SHADOWS_CUBE LOD_FADE_PERCENTAGE GEOM_TYPE_BRANCH_BLEND ok=1
Cmd: compileSnippet
  api=0 type=0 insize=1156 outsize=2533 kw=GEOM_TYPE_BRANCH_BLEND ok=1
Cmd: compileSnippet
  api=0 type=1 insize=1156 outsize=6 kw=GEOM_TYPE_LEAF ok=1
Cmd: compileSnippet
  api=0 type=0 insize=3447 outsize=2037 kw=WATER_REFLECTIVE ok=1
Cmd: compileSnippet
  api=0 type=0 insize=6810 outsize=2771 kw=DIRECTIONAL SHADOWS_SCREEN LIGHTMAP_OFF DIRLIGHTMAP_OFF DYNAMICLIGHTMAP_OFF ok=1
Cmd: compileSnippet
  api=0 type=0 insize=3647 outsize=1959 kw=SPOT ok=1
Cmd: compileSnippet
  api=0 type=1 insize=3647 outsize=6 kw=SPOT ok=1
Cmd: compileSnippet
  api=0 type=0 insize=5995 outsize=2724 kw=LIGHTMAP_OFF DIRLIGHTMAP_OFF DYNAMICLIGHTMAP_OFF UNITY_HDR_ON ok=1
Cmd: compileSnippet
  api=0 type=0 insize=5928 outsize=2539 kw=LIGHTMAP_OFF DIRLIGHTMAP_OFF DYNAMICLIGHTMAP_OFF UNITY_HDR_ON ok=1
Cmd: compileSnippet
  api=0 type=0 insize=1275 outsize=2533 kw=DIRECTIONAL SHADOWS_OFF ok=1
Cmd: compileSnippet
  api=0 type=0 insize=1275 outsize=2849 kw=DIRECTIONAL SHADOWS_SCREEN ok=1
Cmd: compileSnippet
  api=0 type=0 insize=1275 outsize=3486 kw=POINT_COOKIE SHADOWS_CUBE ok=1
Cmd: compileSnippet
  api=0 type=1 insize=1275 outsize=6 kw=DIRECTIONAL SHADOWS_OFF ok=1
Cmd: compileSnippet
  api=0 type=1 insize=1275 outsize=6 kw=SPOT SHADOWS_DEPTH SHADOWS_NATIVE ok=1
Cmd: compileSnippet
  api=0 type=1 insize=1275 outsize=6 kw=POINT_COOKIE SHADOWS_CUBE ok=1
Cmd: compileSnippet
  api=0 type=0 insize=1268 outsize=2966 kw=POINT_COOKIE SHADOWS_OFF ok=1
Cmd: compileSnippet
  api=0 type=0 insize=1268 outsize=2840 kw=DIRECTIONAL SHADOWS_SCREEN ok=1
Cmd: compileSnippet
  api=0 type=0 insize=1268 outsize=3477 kw=POINT_COOKIE SHADOWS_CUBE ok=1
Cmd: compileSnippet
  api=0 type=1 insize=1268 outsize=6 kw=DIRECTIONAL SHADOWS_OFF ok=1
Cmd: compileSnippet
  api=0 type=1 insize=1268 outsize=6 kw=SPOT SHADOWS_DEPTH SHADOWS_NATIVE ok=1
Cmd: compileSnippet
  api=0 type=1 insize=1268 outsize=6 kw=POINT_COOKIE SHADOWS_CUBE ok=1
Cmd: compileSnippet
  api=0 type=1 insize=1268 outsize=6 kw=POINT_COOKIE SHADOWS_CUBE SHADOWS_SOFT ok=1
Cmd: compileSnippet
  api=0 type=0 insize=1273 outsize=2971 kw=POINT_COOKIE SHADOWS_OFF ok=1
Cmd: compileSnippet
  api=0 type=0 insize=1273 outsize=3060 kw=DIRECTIONAL_COOKIE SHADOWS_SCREEN ok=1
Cmd: compileSnippet
  api=0 type=0 insize=1273 outsize=4074 kw=SPOT SHADOWS_DEPTH SHADOWS_SOFT SHADOWS_NATIVE ok=1
Cmd: compileSnippet
  api=0 type=1 insize=1273 outsize=6 kw=SPOT SHADOWS_OFF ok=1
Cmd: compileSnippet
  api=0 type=1 insize=1273 outsize=6 kw=DIRECTIONAL SHADOWS_SCREEN ok=1
Cmd: compileSnippet
  api=0 type=1 insize=1273 outsize=6 kw=SPOT SHADOWS_DEPTH SHADOWS_SOFT SHADOWS_NATIVE ok=1
Cmd: compileSnippet
  api=0 type=0 insize=1934 outsize=4184 kw=SPOT SHADOWS_OFF ok=1
Cmd: compileSnippet
  api=0 type=0 insize=1934 outsize=4104 kw=DIRECTIONAL SHADOWS_SCREEN ok=1
Cmd: compileSnippet
  api=0 type=0 insize=1934 outsize=4358 kw=POINT SHADOWS_CUBE ok=1
Cmd: compileSnippet
  api=0 type=0 insize=1934 outsize=5499 kw=POINT_COOKIE SHADOWS_CUBE SHADOWS_SOFT ok=1
Cmd: compileSnippet
  api=0 type=0 insize=1934 outsize=4835 kw=SPOT SHADOWS_DEPTH SHADOWS_NATIVE UNITY_HDR_ON ok=1
Cmd: compileSnippet
  api=0 type=0 insize=1934 outsize=5370 kw=SPOT SHADOWS_DEPTH SHADOWS_SOFT SHADOWS_NATIVE UNITY_HDR_ON ok=1
Cmd: compileSnippet
  api=0 type=1 insize=1934 outsize=6 kw=SPOT SHADOWS_OFF ok=1
Cmd: compileSnippet
  api=0 type=1 insize=1934 outsize=6 kw=DIRECTIONAL_COOKIE SHADOWS_SCREEN ok=1
Cmd: compileSnippet
  api=0 type=1 insize=1934 outsize=6 kw=POINT SHADOWS_CUBE SHADOWS_SOFT ok=1
Cmd: compileSnippet
  api=0 type=1 insize=1934 outsize=6 kw=SPOT SHADOWS_OFF UNITY_HDR_ON ok=1
Cmd: compileSnippet
  api=0 type=1 insize=1934 outsize=6 kw=DIRECTIONAL SHADOWS_SCREEN UNITY_HDR_ON ok=1
Cmd: compileSnippet
  api=0 type=1 insize=1934 outsize=6 kw=SPOT SHADOWS_DEPTH SHADOWS_SOFT SHADOWS_NATIVE UNITY_HDR_ON ok=1
End of pipe

Quitting shader compiler process
